[INFO] Scanning for projects...
[WARNING] 
[WARNING] Some problems were encountered while building the effective model for org.jahia.modules:AlpeniteCommon:war:1.0-SNAPSHOT
[WARNING] 'build.plugins.plugin.version' for org.apache.maven.plugins:maven-install-plugin is missing. @ line 124, column 21
[WARNING] 'build.plugins.plugin.version' for org.apache.maven.plugins:maven-jar-plugin is missing. @ line 111, column 14
[WARNING] The expression ${artifactId} is deprecated. Please use ${project.artifactId} instead.
[WARNING] 
[WARNING] Some problems were encountered while building the effective model for org.jahia.modules:AlpeniteTeaCommunicationLayer:war:1.0-SNAPSHOT
[WARNING] 'build.plugins.plugin.version' for org.apache.maven.plugins:maven-install-plugin is missing. @ line 133, column 21
[WARNING] 'build.plugins.plugin.version' for org.apache.maven.plugins:maven-jar-plugin is missing. @ line 120, column 21
[WARNING] 
[WARNING] Some problems were encountered while building the effective model for org.jahia.modules:Alpenite_DeleteUserMailNV:war:1.0-SNAPSHOT
[WARNING] The expression ${artifactId} is deprecated. Please use ${project.artifactId} instead.
[WARNING] 
[WARNING] Some problems were encountered while building the effective model for org.jahia.modules:Alpenite_RecuperoPassword:war:1.0-SNAPSHOT
[WARNING] The expression ${artifactId} is deprecated. Please use ${project.artifactId} instead.
[WARNING] 
[WARNING] Some problems were encountered while building the effective model for org.jahia.modules:Alpenite_RecuperoUsername:war:1.0-SNAPSHOT
[WARNING] The expression ${artifactId} is deprecated. Please use ${project.artifactId} instead.
[WARNING] 
[WARNING] Some problems were encountered while building the effective model for org.jahia.modules:Alpenite_SbloccoUtente:war:1.0-SNAPSHOT
[WARNING] The expression ${artifactId} is deprecated. Please use ${project.artifactId} instead.
[WARNING] 
[WARNING] Some problems were encountered while building the effective model for org.jahia.modules:AlpeniteTeaAdvertising:war:1.0-SNAPSHOT
[WARNING] The expression ${artifactId} is deprecated. Please use ${project.artifactId} instead.
[WARNING] 
[WARNING] Some problems were encountered while building the effective model for org.jahia.modules:AlpeniteTeaAggiuntaContoContrattuale:war:1.0-SNAPSHOT
[WARNING] The expression ${artifactId} is deprecated. Please use ${project.artifactId} instead.
[WARNING] 
[WARNING] Some problems were encountered while building the effective model for org.jahia.modules:AlpeniteTeaAssociate:war:1.0-SNAPSHOT
[WARNING] The expression ${artifactId} is deprecated. Please use ${project.artifactId} instead.
[WARNING] 
[WARNING] Some problems were encountered while building the effective model for org.jahia.modules:AlpeniteTeaAutoletture:war:1.0-SNAPSHOT
[WARNING] The expression ${artifactId} is deprecated. Please use ${project.artifactId} instead.
[WARNING] 
[WARNING] Some problems were encountered while building the effective model for org.jahia.modules:AlpeniteTeaDatiAnagrafici:war:1.0-SNAPSHOT
[WARNING] The expression ${artifactId} is deprecated. Please use ${project.artifactId} instead.
[WARNING] 
[WARNING] Some problems were encountered while building the effective model for org.jahia.modules:AlpeniteTeaDatiAnagraficiAzienda:war:1.0-SNAPSHOT
[WARNING] The expression ${artifactId} is deprecated. Please use ${project.artifactId} instead.
[WARNING] 
[WARNING] Some problems were encountered while building the effective model for org.jahia.modules:AlpeniteTeaDatiCatastali:war:1.0-SNAPSHOT
[WARNING] The expression ${artifactId} is deprecated. Please use ${project.artifactId} instead.
[WARNING] 
[WARNING] Some problems were encountered while building the effective model for org.jahia.modules:AlpeniteTeaDatiUtentePortale:war:1.0-SNAPSHOT
[WARNING] The expression ${artifactId} is deprecated. Please use ${project.artifactId} instead.
[WARNING] 
[WARNING] Some problems were encountered while building the effective model for org.jahia.modules:AlpeniteTeaDettagliContratto:war:1.0-SNAPSHOT
[WARNING] The expression ${artifactId} is deprecated. Please use ${project.artifactId} instead.
[WARNING] 
[WARNING] Some problems were encountered while building the effective model for org.jahia.modules:AlpeniteTeaDocumentale:war:1.0-SNAPSHOT
[WARNING] 'build.plugins.plugin.version' for org.apache.maven.plugins:maven-jar-plugin is missing. @ line 73, column 21
[WARNING] The expression ${artifactId} is deprecated. Please use ${project.artifactId} instead.
[WARNING] 
[WARNING] Some problems were encountered while building the effective model for org.jahia.modules:AlpeniteTeaDomiciliazioneBancaria:war:1.0-SNAPSHOT
[WARNING] The expression ${artifactId} is deprecated. Please use ${project.artifactId} instead.
[WARNING] 
[WARNING] Some problems were encountered while building the effective model for org.jahia.modules:AlpeniteTEAElencoContratti:war:1.0-SNAPSHOT
[WARNING] The expression ${artifactId} is deprecated. Please use ${project.artifactId} instead.
[WARNING] 
[WARNING] Some problems were encountered while building the effective model for org.jahia.modules:AlpeniteTeaElencoDocumenti:war:1.0-SNAPSHOT
[WARNING] The expression ${artifactId} is deprecated. Please use ${project.artifactId} instead.
[WARNING] 
[WARNING] Some problems were encountered while building the effective model for org.jahia.modules:AlpeniteTeaElencoPratiche:war:1.0-SNAPSHOT
[WARNING] The expression ${artifactId} is deprecated. Please use ${project.artifactId} instead.
[WARNING] 
[WARNING] Some problems were encountered while building the effective model for org.jahia.modules:AlpeniteTeaFAQ:war:1.0-SNAPSHOT
[WARNING] 'parent.relativePath' points at org.jahia.modules:modules-installer instead of org.jahia.modules:jahia-modules, please verify your project structure @ line 46, column 13
[WARNING] The expression ${artifactId} is deprecated. Please use ${project.artifactId} instead.
[WARNING] 
[WARNING] Some problems were encountered while building the effective model for org.jahia.modules:AlpeniteTeaImpersonaBP:war:1.0
[WARNING] The expression ${artifactId} is deprecated. Please use ${project.artifactId} instead.
[WARNING] 
[WARNING] Some problems were encountered while building the effective model for org.jahia.modules:AlpeniteTeaImpersonaUtente:war:1.0-SNAPSHOT
[WARNING] The expression ${artifactId} is deprecated. Please use ${project.artifactId} instead.
[WARNING] 
[WARNING] Some problems were encountered while building the effective model for org.jahia.modules:AlpeniteTeaIndirizzoFornitura:war:1.0-SNAPSHOT
[WARNING] The expression ${artifactId} is deprecated. Please use ${project.artifactId} instead.
[WARNING] 
[WARNING] Some problems were encountered while building the effective model for org.jahia.modules:AlpeniteTeaInvioFattura:war:1.0-SNAPSHOT
[WARNING] The expression ${artifactId} is deprecated. Please use ${project.artifactId} instead.
[WARNING] 
[WARNING] Some problems were encountered while building the effective model for org.jahia.modules:AlpeniteTeaLettureSvuotamenti:war:1.0-SNAPSHOT
[WARNING] The expression ${artifactId} is deprecated. Please use ${project.artifactId} instead.
[WARNING] 
[WARNING] Some problems were encountered while building the effective model for org.jahia.modules:AlpeniteTeaModificaDatiPersonali:war:1.0-SNAPSHOT
[WARNING] The expression ${artifactId} is deprecated. Please use ${project.artifactId} instead.
[WARNING] 
[WARNING] Some problems were encountered while building the effective model for org.jahia.modules:AlpeniteTeaModulistica:war:1.0-SNAPSHOT
[WARNING] The expression ${artifactId} is deprecated. Please use ${project.artifactId} instead.
[WARNING] 
[WARNING] Some problems were encountered while building the effective model for org.jahia.modules:AlpeniteTeaModulisticaPersonal:war:1.0-SNAPSHOT
[WARNING] The expression ${artifactId} is deprecated. Please use ${project.artifactId} instead.
[WARNING] 
[WARNING] Some problems were encountered while building the effective model for org.jahia.modules:AlpeniteTeaPager:war:1.0-SNAPSHOT
[WARNING] The expression ${artifactId} is deprecated. Please use ${project.artifactId} instead.
[WARNING] 
[WARNING] Some problems were encountered while building the effective model for org.jahia.modules:AlpeniteTeaRecapito:war:1.0-SNAPSHOT
[WARNING] The expression ${artifactId} is deprecated. Please use ${project.artifactId} instead.
[WARNING] 
[WARNING] Some problems were encountered while building the effective model for org.jahia.modules:AlpeniteTeaCustomSearch:war:2.0
[WARNING] 'build.plugins.plugin.version' for org.apache.maven.plugins:maven-jar-plugin is missing. @ line 73, column 21
[WARNING] The expression ${artifactId} is deprecated. Please use ${project.artifactId} instead.
[WARNING] 
[WARNING] Some problems were encountered while building the effective model for org.jahia.modules:AlpeniteTeaRichiestaBackOffice:war:1.0-SNAPSHOT
[WARNING] The expression ${artifactId} is deprecated. Please use ${project.artifactId} instead.
[WARNING] 
[WARNING] Some problems were encountered while building the effective model for org.jahia.modules:AlpeniteTeaTitoloPagina:war:1.0
[WARNING] The expression ${artifactId} is deprecated. Please use ${project.artifactId} instead.
[WARNING] 
[WARNING] Some problems were encountered while building the effective model for org.jahia.modules:teaLogin:war:1.0
[WARNING] The expression ${artifactId} is deprecated. Please use ${project.artifactId} instead.
[WARNING] 
[WARNING] Some problems were encountered while building the effective model for org.jahia.modules:welcomeModule:war:1.0-SNAPSHOT
[WARNING] The expression ${artifactId} is deprecated. Please use ${project.artifactId} instead.
[WARNING] 
[WARNING] It is highly recommended to fix these problems because they threaten the stability of your build.
[WARNING] 
[WARNING] For this reason, future Maven versions might no longer support building such malformed projects.
[WARNING] 
[INFO] ------------------------------------------------------------------------
[INFO] Reactor Build Order:
[INFO] 
[INFO] AlpeniteCommon
[INFO] AlpeniteTeaCommunicationLayer
[INFO] deleteUserMNV
[INFO] recuperopassword
[INFO] recuperousername
[INFO] sbloccoutente
[INFO] AlpeniteTeaAdvertising
[INFO] AlpeniteTeaAggiuntaContoContrattuale
[INFO] AlpeniteTeaAssociate
[INFO] AlpeniteTeaAutoletture
[INFO] AlpeniteTeaDatiAnagrafici
[INFO] AlpeniteTeaDatiAnagraficiAzienda
[INFO] AlpeniteTeaDatiCatastali
[INFO] AlpeniteTeaDatiUtentePortale
[INFO] AlpeniteTeaDettagliContratto
[INFO] AlpeniteTeaDocumentale
[INFO] AlpeniteTeaDomiciliazioneBancaria
[INFO] AlpeniteTeaElencoContratti
[INFO] AlpeniteTeaElencoDocumenti
[INFO] AlpeniteTeaElencoPratiche
[INFO] AlpeniteTeaFAQ
[INFO] AlpeniteTeaImpersonaBP
[INFO] AlpeniteTeaImpersonaUtente
[INFO] AlpeniteTeaIndirizzoFornitura
[INFO] AlpeniteTeaInvioFattura
[INFO] AlpeniteTeaLettureSvuotamenti
[INFO] AlpeniteTeaModificaDatiPersonali
[INFO] AlpeniteTeaModulistica
[INFO] AlpeniteTeaModulisticaPersonal
[INFO] AlpeniteTeaPager
[INFO] AlpeniteTeaRecapito
[INFO] AlpeniteTeaRicercaStrumenti
[INFO] AlpeniteTeaRichiestaBackOffice
[INFO] AlpeniteTeaTitoloPagina
[INFO] alpeniteregistration
[INFO] teaLogin
[INFO] welcomeModule
[INFO] Modules Installing
[INFO]                                                                         
[INFO] ------------------------------------------------------------------------
[INFO] Building AlpeniteCommon 1.0-SNAPSHOT
[INFO] ------------------------------------------------------------------------
[INFO] 
[INFO] --- maven-clean-plugin:2.5:clean (default-clean) @ AlpeniteCommon ---
[INFO] Deleting /home/marziobiancardi/Documents/tea/trunk/src/AlpeniteCommon/target
[INFO] 
[INFO] --- maven-enforcer-plugin:1.0:enforce (enforce-versions) @ AlpeniteCommon ---
[INFO] 
[INFO] --- buildnumber-maven-plugin:1.0:create (default) @ AlpeniteCommon ---
[INFO] Checking for local modifications: skipped.
[INFO] Updating project files from SCM: skipped.
[INFO] Executing: /bin/sh -c cd /home/marziobiancardi/Documents/tea/trunk/src/AlpeniteCommon && svn --non-interactive info
[INFO] Working directory: /home/marziobiancardi/Documents/tea/trunk/src/AlpeniteCommon
[INFO] Storing buildNumber: 978 at timestamp: 1470863092359
[INFO] Executing: /bin/sh -c cd /home/marziobiancardi/Documents/tea/trunk/src/AlpeniteCommon && svn --non-interactive info
[INFO] Working directory: /home/marziobiancardi/Documents/tea/trunk/src/AlpeniteCommon
[INFO] Storing buildScmBranch: trunk
[INFO] 
[INFO] --- maven-jahia-plugin:2.61:native2ascii (native2ascii) @ AlpeniteCommon ---
[INFO] 
[INFO] --- maven-resources-plugin:2.3:resources (default-resources) @ AlpeniteCommon ---
[INFO] Using 'UTF-8' encoding to copy filtered resources.
[INFO] Copying 9 resources
[INFO] 
[INFO] --- maven-compiler-plugin:2.3.2:compile (default-compile) @ AlpeniteCommon ---
[INFO] Compiling 13 source files to /home/marziobiancardi/Documents/tea/trunk/src/AlpeniteCommon/target/classes
[INFO] 
[INFO] --- maven-jar-plugin:3.0.2:jar (make-a-jar) @ AlpeniteCommon ---
[INFO] Building jar: /home/marziobiancardi/Documents/tea/trunk/src/AlpeniteCommon/target/AlpeniteCommon-1.0-SNAPSHOT.jar
[INFO] 
[INFO] --- maven-resources-plugin:2.3:testResources (default-testResources) @ AlpeniteCommon ---
[INFO] Using 'UTF-8' encoding to copy filtered resources.
[INFO] skip non existing resourceDirectory /home/marziobiancardi/Documents/tea/trunk/src/AlpeniteCommon/src/test/resources
[INFO] 
[INFO] --- maven-compiler-plugin:2.3.2:testCompile (default-testCompile) @ AlpeniteCommon ---
[INFO] Compiling 3 source files to /home/marziobiancardi/Documents/tea/trunk/src/AlpeniteCommon/target/test-classes
[INFO] 
[INFO] --- maven-surefire-plugin:2.10:test (default-test) @ AlpeniteCommon ---
[INFO] Surefire report directory: /home/marziobiancardi/Documents/tea/trunk/src/AlpeniteCommon/target/surefire-reports

-------------------------------------------------------
 T E S T S
-------------------------------------------------------
Running com.alpenite.gui.components.MultiSelectComuniTest
toString
<select multiple name="cm" id="cmId" pippo = "pluto" class = "classe">
	<option value="17023">BOTTICINO</option>
	<option value="20001">ACQUANEGRA SUL CHIESE</option>
	<option value="20002">ASOLA</option>
	<option value="20003">BAGNOLO SAN VITO</option>
	<option value="20004">BIGARELLO</option>
	<option value="20006">BORGOFRANCO SUL PO</option>
	<option value="20007">BOZZOLO</option>
	<option value="20009">CARBONARA DI PO</option>
	<option value="20010">CASALMORO</option>
	<option value="20011">CASALOLDO</option>
	<option value="20012">CASALROMANO</option>
	<option value="20014">CASTEL D'ARIO</option>
	<option value="20015">CASTEL GOFFREDO</option>
	<option value="20016">CASTELLUCCHIO</option>
	<option value="20019">CERESARA</option>
	<option value="20020">COMMESSAGGIO</option>
	<option value="20021">CURTATONE</option>
	<option value="20022">DOSOLO</option>
	<option value="20023">FELONICA</option>
	<option value="20024">GAZOLDO DEGLI IPPOLITI</option>
	<option value="20025">GAZZUOLO</option>
	<option value="20026">GOITO</option>
	<option value="20027">GONZAGA</option>
	<option value="20028">GUIDIZZOLO</option>
	<option value="20029">MAGNACAVALLO</option>
	<option value="20030">MANTOVA</option>
	<option value="20031">MARCARIA</option>
	<option value="20032">MARIANA MANTOVANA</option>
	<option value="20033">MARMIROLO</option>
	<option value="20034">MEDOLE</option>
	<option value="20035">MOGLIA</option>
	<option value="20036">MONZAMBANO</option>
	<option value="20037">MOTTEGGIANA</option>
	<option value="20038">OSTIGLIA</option>
	<option value="20039">PEGOGNAGA</option>
	<option value="20040">PIEVE DI CORIANO</option>
	<option value="20041">PIUBEGA</option>
	<option value="20042">POGGIO RUSCO</option>
	<option value="20043">POMPONESCO</option>
	<option value="20044">PONTI SUL MINCIO</option>
	<option value="20045">PORTO MANTOVANO</option>
	<option value="20046">QUINGENTOLE</option>
	<option value="20047">QUISTELLO</option>
	<option value="20048">REDONDESCO</option>
	<option value="20049">REVERE</option>
	<option value="20050">RIVAROLO MANTOVANO</option>
	<option value="20052">RONCOFERRARO</option>
	<option value="20053">ROVERBELLA</option>
	<option value="20054">SABBIONETA</option>
	<option value="20056">SAN GIACOMO DELLE SEGNATE</option>
	<option value="20057">SAN GIORGIO DI MANTOVA</option>
	<option value="20058">SAN GIOVANNI DEL DOSSO</option>
	<option value="20059">SAN MARTINO DALL'ARGINE</option>
	<option value="20060">SCHIVENOGLIA</option>
	<option value="20061">SERMIDE</option>
	<option value="20062">SERRAVALLE A PO</option>
	<option value="20063">SOLFERINO</option>
	<option value="20064">SUSTINENTE</option>
	<option value="20065">SUZZARA</option>
	<option value="20066">VIADANA</option>
	<option value="20067">VILLA POMA</option>
	<option value="20068">VILLIMPENTA</option>
	<option value="20069">BORGO VIRGILIO</option>
	<option value="20070">VOLTA MANTOVANA</option>
</select >
Tests run: 1, Failures: 0, Errors: 0, Skipped: 0, Time elapsed: 0.085 sec
Running com.alpenite.gui.components.SelectAnniTest
toString
<select name="nome" id="id">
	<option></option>
	<option value="2011">2011</option>
	<option value="2012" selected="selected">2012</option>
	<option value="2013">2013</option>
	<option value="2014">2014</option>
	<option value="2015">2015</option>
	<option value="2016">2016</option>
	<option value="2017">2017</option>
	<option value="2018">2018</option>
	<option value="2019">2019</option>
</select >
Tests run: 1, Failures: 0, Errors: 0, Skipped: 0, Time elapsed: 0.008 sec
Running com.alpenite.gui.components.SelectProvinceTest
toString
<select name="pv" id="pvId" pippo = "pluto" class = "classe">
	<option></option>
	<option value="AG">AG</option>
	<option value="AL">AL</option>
	<option value="AN">AN</option>
	<option value="AO">AO</option>
	<option value="AP">AP</option>
	<option value="AQ">AQ</option>
	<option value="AR">AR</option>
	<option value="AT">AT</option>
	<option value="AV">AV</option>
	<option value="BA">BA</option>
	<option value="BG">BG</option>
	<option value="BI">BI</option>
	<option value="BL" selected="selected">BL</option>
	<option value="BN">BN</option>
	<option value="BO">BO</option>
	<option value="BR">BR</option>
	<option value="BS">BS</option>
	<option value="BT">BT</option>
	<option value="BZ">BZ</option>
	<option value="CA">CA</option>
	<option value="CB">CB</option>
	<option value="CE">CE</option>
	<option value="CH">CH</option>
	<option value="CI">CI</option>
	<option value="CL">CL</option>
	<option value="CN">CN</option>
	<option value="CO">CO</option>
	<option value="CR">CR</option>
	<option value="CS">CS</option>
	<option value="CT">CT</option>
	<option value="CZ">CZ</option>
	<option value="EN">EN</option>
	<option value="FC">FC</option>
	<option value="FE">FE</option>
	<option value="FG">FG</option>
	<option value="FI">FI</option>
	<option value="FM">FM</option>
	<option value="FR">FR</option>
	<option value="GE">GE</option>
	<option value="GO">GO</option>
	<option value="GR">GR</option>
	<option value="IM">IM</option>
	<option value="IS">IS</option>
	<option value="KR">KR</option>
	<option value="LC">LC</option>
	<option value="LE">LE</option>
	<option value="LI">LI</option>
	<option value="LO">LO</option>
	<option value="LT">LT</option>
	<option value="LU">LU</option>
	<option value="MB">MB</option>
	<option value="MC">MC</option>
	<option value="ME">ME</option>
	<option value="MI">MI</option>
	<option value="MN">MN</option>
	<option value="MO">MO</option>
	<option value="MS">MS</option>
	<option value="MT">MT</option>
	<option value="NA">NA</option>
	<option value="NO">NO</option>
	<option value="NU">NU</option>
	<option value="OG">OG</option>
	<option value="OR">OR</option>
	<option value="OT">OT</option>
	<option value="PA">PA</option>
	<option value="PC">PC</option>
	<option value="PD">PD</option>
	<option value="PE">PE</option>
	<option value="PG">PG</option>
	<option value="PI">PI</option>
	<option value="PN">PN</option>
	<option value="PO">PO</option>
	<option value="PR">PR</option>
	<option value="PT">PT</option>
	<option value="PU">PU</option>
	<option value="PV">PV</option>
	<option value="PZ">PZ</option>
	<option value="RA">RA</option>
	<option value="RC">RC</option>
	<option value="RE">RE</option>
	<option value="RG">RG</option>
	<option value="RI">RI</option>
	<option value="RM">RM</option>
	<option value="RN">RN</option>
	<option value="RO">RO</option>
	<option value="SA">SA</option>
	<option value="SI">SI</option>
	<option value="SO">SO</option>
	<option value="SP">SP</option>
	<option value="SR">SR</option>
	<option value="SS">SS</option>
	<option value="SV">SV</option>
	<option value="TA">TA</option>
	<option value="TE">TE</option>
	<option value="TN">TN</option>
	<option value="TO">TO</option>
	<option value="TP">TP</option>
	<option value="TR">TR</option>
	<option value="TS">TS</option>
	<option value="TV">TV</option>
	<option value="UD">UD</option>
	<option value="VA">VA</option>
	<option value="VB">VB</option>
	<option value="VC">VC</option>
	<option value="VE">VE</option>
	<option value="VI">VI</option>
	<option value="VR">VR</option>
	<option value="VS">VS</option>
	<option value="VT">VT</option>
	<option value="VV">VV</option>
</select >
Tests run: 1, Failures: 0, Errors: 0, Skipped: 0, Time elapsed: 0.009 sec

Results :

Tests run: 3, Failures: 0, Errors: 0, Skipped: 0

[INFO] 
[INFO] --- maven-jahia-plugin:2.61:package-imports (package-imports) @ AlpeniteCommon ---
[INFO] Folder /home/marziobiancardi/Documents/tea/trunk/src/AlpeniteCommon/src/main/import does not contain any files. Skipping package-imports task.
[INFO] 
[INFO] --- maven-war-plugin:2.1.1.jahia1:war (default-war) @ AlpeniteCommon ---
[INFO] Packaging webapp
[INFO] Assembling webapp [AlpeniteCommon] in [/home/marziobiancardi/Documents/tea/trunk/src/AlpeniteCommon/target/AlpeniteCommon-1.0-SNAPSHOT]
[INFO] Processing war project
[INFO] Copying webapp webResources [/home/marziobiancardi/Documents/tea/trunk/src/AlpeniteCommon/target/native2ascii] to [/home/marziobiancardi/Documents/tea/trunk/src/AlpeniteCommon/target/AlpeniteCommon-1.0-SNAPSHOT]
[INFO] Copying webapp resources [/home/marziobiancardi/Documents/tea/trunk/src/AlpeniteCommon/src/main/webapp]
[INFO] Building jar: /home/marziobiancardi/Documents/tea/trunk/src/AlpeniteCommon/target/AlpeniteCommon-1.0-SNAPSHOT/WEB-INF/lib/AlpeniteCommon-1.0-SNAPSHOT.jar
[INFO] Webapp assembled in [283 msecs]
[INFO] Building war: /home/marziobiancardi/Documents/tea/trunk/src/AlpeniteCommon/target/AlpeniteCommon-1.0-SNAPSHOT.war
[INFO] 
[INFO] --- maven-site-plugin:3.0:attach-descriptor (attach-descriptor) @ AlpeniteCommon ---
[INFO] 
[INFO] --- maven-source-plugin:2.1.2:jar-no-fork (attach-sources) @ AlpeniteCommon ---
[INFO] Building jar: /home/marziobiancardi/Documents/tea/trunk/src/AlpeniteCommon/target/AlpeniteCommon-1.0-SNAPSHOT-sources.jar
[INFO] 
[INFO] --- maven-install-plugin:2.3:install (default-install) @ AlpeniteCommon ---
[INFO] Installing /home/marziobiancardi/Documents/tea/trunk/src/AlpeniteCommon/target/AlpeniteCommon-1.0-SNAPSHOT.war to /home/marziobiancardi/.m2/repository/org/jahia/modules/AlpeniteCommon/1.0-SNAPSHOT/AlpeniteCommon-1.0-SNAPSHOT.war
[INFO] Installing /home/marziobiancardi/Documents/tea/trunk/src/AlpeniteCommon/pom.xml to /home/marziobiancardi/.m2/repository/org/jahia/modules/AlpeniteCommon/1.0-SNAPSHOT/AlpeniteCommon-1.0-SNAPSHOT.pom
[INFO] Installing /home/marziobiancardi/Documents/tea/trunk/src/AlpeniteCommon/target/AlpeniteCommon-1.0-SNAPSHOT-sources.jar to /home/marziobiancardi/.m2/repository/org/jahia/modules/AlpeniteCommon/1.0-SNAPSHOT/AlpeniteCommon-1.0-SNAPSHOT-sources.jar
[INFO] 
[INFO] --- maven-install-plugin:2.3:install-file (default) @ AlpeniteCommon ---
[INFO] Installing /home/marziobiancardi/Documents/tea/trunk/src/AlpeniteCommon/target/AlpeniteCommon-1.0-SNAPSHOT.jar to /home/marziobiancardi/.m2/repository/org/jahia/modules/AlpeniteCommon/1.0-SNAPSHOT/AlpeniteCommon-1.0-SNAPSHOT.jar
[INFO]                                                                         
[INFO] ------------------------------------------------------------------------
[INFO] Building AlpeniteTeaCommunicationLayer 1.0-SNAPSHOT
[INFO] ------------------------------------------------------------------------
[INFO] 
[INFO] --- maven-clean-plugin:2.5:clean (default-clean) @ AlpeniteTeaCommunicationLayer ---
[INFO] Deleting /home/marziobiancardi/Documents/tea/trunk/src/AlpeniteTeaCommunicationLayer/target
[INFO] 
[INFO] --- maven-enforcer-plugin:1.0:enforce (enforce-versions) @ AlpeniteTeaCommunicationLayer ---
[INFO] 
[INFO] --- buildnumber-maven-plugin:1.0:create (default) @ AlpeniteTeaCommunicationLayer ---
[INFO] 
[INFO] --- maven-jahia-plugin:2.61:native2ascii (native2ascii) @ AlpeniteTeaCommunicationLayer ---
[INFO] 
[INFO] --- maven-resources-plugin:2.3:resources (default-resources) @ AlpeniteTeaCommunicationLayer ---
[INFO] Using 'UTF-8' encoding to copy filtered resources.
[INFO] Copying 12 resources
[INFO] 
[INFO] --- maven-compiler-plugin:2.3.2:compile (default-compile) @ AlpeniteTeaCommunicationLayer ---
[INFO] Compiling 146 source files to /home/marziobiancardi/Documents/tea/trunk/src/AlpeniteTeaCommunicationLayer/target/classes
[INFO] 
[INFO] --- maven-jar-plugin:3.0.2:jar (make-a-jar) @ AlpeniteTeaCommunicationLayer ---
[INFO] Building jar: /home/marziobiancardi/Documents/tea/trunk/src/AlpeniteTeaCommunicationLayer/target/AlpeniteTeaCommunicationLayer-1.0-SNAPSHOT.jar
[INFO] 
[INFO] --- maven-resources-plugin:2.3:testResources (default-testResources) @ AlpeniteTeaCommunicationLayer ---
[INFO] Using 'UTF-8' encoding to copy filtered resources.
[INFO] skip non existing resourceDirectory /home/marziobiancardi/Documents/tea/trunk/src/AlpeniteTeaCommunicationLayer/src/test/resources
[INFO] 
[INFO] --- maven-compiler-plugin:2.3.2:testCompile (default-testCompile) @ AlpeniteTeaCommunicationLayer ---
[INFO] Compiling 1 source file to /home/marziobiancardi/Documents/tea/trunk/src/AlpeniteTeaCommunicationLayer/target/test-classes
[INFO] 
[INFO] --- maven-surefire-plugin:2.10:test (default-test) @ AlpeniteTeaCommunicationLayer ---
[INFO] Surefire report directory: /home/marziobiancardi/Documents/tea/trunk/src/AlpeniteTeaCommunicationLayer/target/surefire-reports

-------------------------------------------------------
 T E S T S
-------------------------------------------------------

Results :

Tests run: 0, Failures: 0, Errors: 0, Skipped: 0

[INFO] 
[INFO] --- maven-jahia-plugin:2.61:package-imports (package-imports) @ AlpeniteTeaCommunicationLayer ---
[INFO] Folder /home/marziobiancardi/Documents/tea/trunk/src/AlpeniteTeaCommunicationLayer/src/main/import does not contain any files. Skipping package-imports task.
[INFO] 
[INFO] --- maven-war-plugin:2.1.1.jahia1:war (default-war) @ AlpeniteTeaCommunicationLayer ---
[INFO] Packaging webapp
[INFO] Assembling webapp [AlpeniteTeaCommunicationLayer] in [/home/marziobiancardi/Documents/tea/trunk/src/AlpeniteTeaCommunicationLayer/target/AlpeniteTeaCommunicationLayer-1.0-SNAPSHOT]
[INFO] Processing war project
[INFO] Copying webapp webResources [/home/marziobiancardi/Documents/tea/trunk/src/AlpeniteTeaCommunicationLayer/target/native2ascii] to [/home/marziobiancardi/Documents/tea/trunk/src/AlpeniteTeaCommunicationLayer/target/AlpeniteTeaCommunicationLayer-1.0-SNAPSHOT]
[INFO] Copying webapp resources [/home/marziobiancardi/Documents/tea/trunk/src/AlpeniteTeaCommunicationLayer/src/main/webapp]
[INFO] Building jar: /home/marziobiancardi/Documents/tea/trunk/src/AlpeniteTeaCommunicationLayer/target/AlpeniteTeaCommunicationLayer-1.0-SNAPSHOT/WEB-INF/lib/AlpeniteTeaCommunicationLayer-1.0-SNAPSHOT.jar
[INFO] Webapp assembled in [136 msecs]
[INFO] Building war: /home/marziobiancardi/Documents/tea/trunk/src/AlpeniteTeaCommunicationLayer/target/AlpeniteTeaCommunicationLayer-1.0-SNAPSHOT.war
[INFO] 
[INFO] --- maven-site-plugin:3.0:attach-descriptor (attach-descriptor) @ AlpeniteTeaCommunicationLayer ---
[INFO] 
[INFO] --- maven-source-plugin:2.1.2:jar-no-fork (attach-sources) @ AlpeniteTeaCommunicationLayer ---
[INFO] Building jar: /home/marziobiancardi/Documents/tea/trunk/src/AlpeniteTeaCommunicationLayer/target/AlpeniteTeaCommunicationLayer-1.0-SNAPSHOT-sources.jar
[INFO] 
[INFO] --- maven-install-plugin:2.3:install (default-install) @ AlpeniteTeaCommunicationLayer ---
[INFO] Installing /home/marziobiancardi/Documents/tea/trunk/src/AlpeniteTeaCommunicationLayer/target/AlpeniteTeaCommunicationLayer-1.0-SNAPSHOT.war to /home/marziobiancardi/.m2/repository/org/jahia/modules/AlpeniteTeaCommunicationLayer/1.0-SNAPSHOT/AlpeniteTeaCommunicationLayer-1.0-SNAPSHOT.war
[INFO] Installing /home/marziobiancardi/Documents/tea/trunk/src/AlpeniteTeaCommunicationLayer/pom.xml to /home/marziobiancardi/.m2/repository/org/jahia/modules/AlpeniteTeaCommunicationLayer/1.0-SNAPSHOT/AlpeniteTeaCommunicationLayer-1.0-SNAPSHOT.pom
[INFO] Installing /home/marziobiancardi/Documents/tea/trunk/src/AlpeniteTeaCommunicationLayer/target/AlpeniteTeaCommunicationLayer-1.0-SNAPSHOT-sources.jar to /home/marziobiancardi/.m2/repository/org/jahia/modules/AlpeniteTeaCommunicationLayer/1.0-SNAPSHOT/AlpeniteTeaCommunicationLayer-1.0-SNAPSHOT-sources.jar
[INFO] 
[INFO] --- maven-install-plugin:2.3:install-file (default) @ AlpeniteTeaCommunicationLayer ---
[INFO] Installing /home/marziobiancardi/Documents/tea/trunk/src/AlpeniteTeaCommunicationLayer/target/AlpeniteTeaCommunicationLayer-1.0-SNAPSHOT.jar to /home/marziobiancardi/.m2/repository/org/jahia/modules/AlpeniteTeaCommunicationLayer/1.0-SNAPSHOT/AlpeniteTeaCommunicationLayer-1.0-SNAPSHOT.jar
[INFO]                                                                         
[INFO] ------------------------------------------------------------------------
[INFO] Building deleteUserMNV 1.0-SNAPSHOT
[INFO] ------------------------------------------------------------------------
[INFO] 
[INFO] --- maven-clean-plugin:2.5:clean (default-clean) @ Alpenite_DeleteUserMailNV ---
[INFO] Deleting /home/marziobiancardi/Documents/tea/trunk/src/Alpenite_DeleteUserMailNV/target
[INFO] 
[INFO] --- maven-enforcer-plugin:1.0:enforce (enforce-versions) @ Alpenite_DeleteUserMailNV ---
[INFO] 
[INFO] --- buildnumber-maven-plugin:1.0:create (default) @ Alpenite_DeleteUserMailNV ---
[INFO] 
[INFO] --- maven-jahia-plugin:2.61:native2ascii (native2ascii) @ Alpenite_DeleteUserMailNV ---
[INFO] 
[INFO] --- maven-resources-plugin:2.3:resources (default-resources) @ Alpenite_DeleteUserMailNV ---
[INFO] Using 'UTF-8' encoding to copy filtered resources.
[INFO] Copying 1 resource
[INFO] 
[INFO] --- maven-compiler-plugin:2.3.2:compile (default-compile) @ Alpenite_DeleteUserMailNV ---
[INFO] Compiling 3 source files to /home/marziobiancardi/Documents/tea/trunk/src/Alpenite_DeleteUserMailNV/target/classes
[INFO] 
[INFO] --- maven-resources-plugin:2.3:testResources (default-testResources) @ Alpenite_DeleteUserMailNV ---
[INFO] Using 'UTF-8' encoding to copy filtered resources.
[INFO] skip non existing resourceDirectory /home/marziobiancardi/Documents/tea/trunk/src/Alpenite_DeleteUserMailNV/src/test/resources
[INFO] 
[INFO] --- maven-compiler-plugin:2.3.2:testCompile (default-testCompile) @ Alpenite_DeleteUserMailNV ---
[INFO] No sources to compile
[INFO] 
[INFO] --- maven-surefire-plugin:2.10:test (default-test) @ Alpenite_DeleteUserMailNV ---
[INFO] No tests to run.
[INFO] Surefire report directory: /home/marziobiancardi/Documents/tea/trunk/src/Alpenite_DeleteUserMailNV/target/surefire-reports

-------------------------------------------------------
 T E S T S
-------------------------------------------------------

Results :

Tests run: 0, Failures: 0, Errors: 0, Skipped: 0

[INFO] 
[INFO] --- maven-jahia-plugin:2.61:package-imports (package-imports) @ Alpenite_DeleteUserMailNV ---
[INFO] Folder /home/marziobiancardi/Documents/tea/trunk/src/Alpenite_DeleteUserMailNV/src/main/import does not contain any files. Skipping package-imports task.
[INFO] 
[INFO] --- maven-war-plugin:2.1.1.jahia1:war (default-war) @ Alpenite_DeleteUserMailNV ---
[INFO] Packaging webapp
[INFO] Assembling webapp [Alpenite_DeleteUserMailNV] in [/home/marziobiancardi/Documents/tea/trunk/src/Alpenite_DeleteUserMailNV/target/Alpenite_DeleteUserMailNV-1.0-SNAPSHOT]
[INFO] Processing war project
[INFO] Copying webapp webResources [/home/marziobiancardi/Documents/tea/trunk/src/Alpenite_DeleteUserMailNV/target/native2ascii] to [/home/marziobiancardi/Documents/tea/trunk/src/Alpenite_DeleteUserMailNV/target/Alpenite_DeleteUserMailNV-1.0-SNAPSHOT]
[INFO] Copying webapp resources [/home/marziobiancardi/Documents/tea/trunk/src/Alpenite_DeleteUserMailNV/src/main/webapp]
[INFO] Building jar: /home/marziobiancardi/Documents/tea/trunk/src/Alpenite_DeleteUserMailNV/target/Alpenite_DeleteUserMailNV-1.0-SNAPSHOT/WEB-INF/lib/Alpenite_DeleteUserMailNV-1.0-SNAPSHOT.jar
[INFO] Webapp assembled in [44 msecs]
[INFO] Building war: /home/marziobiancardi/Documents/tea/trunk/src/Alpenite_DeleteUserMailNV/target/Alpenite_DeleteUserMailNV-1.0-SNAPSHOT.war
[INFO] 
[INFO] --- maven-site-plugin:3.0:attach-descriptor (attach-descriptor) @ Alpenite_DeleteUserMailNV ---
[INFO] 
[INFO] --- maven-source-plugin:2.1.2:jar-no-fork (attach-sources) @ Alpenite_DeleteUserMailNV ---
[INFO] Building jar: /home/marziobiancardi/Documents/tea/trunk/src/Alpenite_DeleteUserMailNV/target/Alpenite_DeleteUserMailNV-1.0-SNAPSHOT-sources.jar
[INFO] 
[INFO] --- maven-install-plugin:2.3:install (default-install) @ Alpenite_DeleteUserMailNV ---
[INFO] Installing /home/marziobiancardi/Documents/tea/trunk/src/Alpenite_DeleteUserMailNV/target/Alpenite_DeleteUserMailNV-1.0-SNAPSHOT.war to /home/marziobiancardi/.m2/repository/org/jahia/modules/Alpenite_DeleteUserMailNV/1.0-SNAPSHOT/Alpenite_DeleteUserMailNV-1.0-SNAPSHOT.war
[INFO] Installing /home/marziobiancardi/Documents/tea/trunk/src/Alpenite_DeleteUserMailNV/pom.xml to /home/marziobiancardi/.m2/repository/org/jahia/modules/Alpenite_DeleteUserMailNV/1.0-SNAPSHOT/Alpenite_DeleteUserMailNV-1.0-SNAPSHOT.pom
[INFO] Installing /home/marziobiancardi/Documents/tea/trunk/src/Alpenite_DeleteUserMailNV/target/Alpenite_DeleteUserMailNV-1.0-SNAPSHOT-sources.jar to /home/marziobiancardi/.m2/repository/org/jahia/modules/Alpenite_DeleteUserMailNV/1.0-SNAPSHOT/Alpenite_DeleteUserMailNV-1.0-SNAPSHOT-sources.jar
[INFO]                                                                         
[INFO] ------------------------------------------------------------------------
[INFO] Building recuperopassword 1.0-SNAPSHOT
[INFO] ------------------------------------------------------------------------
[INFO] 
[INFO] --- maven-clean-plugin:2.5:clean (default-clean) @ Alpenite_RecuperoPassword ---
[INFO] Deleting /home/marziobiancardi/Documents/tea/trunk/src/Alpenite_RecuperoPassword/target
[INFO] 
[INFO] --- maven-enforcer-plugin:1.0:enforce (enforce-versions) @ Alpenite_RecuperoPassword ---
[INFO] 
[INFO] --- buildnumber-maven-plugin:1.0:create (default) @ Alpenite_RecuperoPassword ---
[INFO] 
[INFO] --- maven-jahia-plugin:2.61:native2ascii (native2ascii) @ Alpenite_RecuperoPassword ---
[INFO] 
[INFO] --- maven-resources-plugin:2.3:resources (default-resources) @ Alpenite_RecuperoPassword ---
[INFO] Using 'UTF-8' encoding to copy filtered resources.
[INFO] Copying 1 resource
[INFO] 
[INFO] --- maven-compiler-plugin:2.3.2:compile (default-compile) @ Alpenite_RecuperoPassword ---
[INFO] Compiling 2 source files to /home/marziobiancardi/Documents/tea/trunk/src/Alpenite_RecuperoPassword/target/classes
[INFO] -------------------------------------------------------------
[ERROR] COMPILATION ERROR : 
[INFO] -------------------------------------------------------------
[ERROR]  true
/home/marziobiancardi/Documents/tea/trunk/src/Alpenite_RecuperoPassword/src/main/java/org/jahia/RecuperoPasswordAction.java:[31,42] error: package com.alpenite.tea.communicationLayer does not exist
[ERROR] /home/marziobiancardi/Documents/tea/trunk/src/Alpenite_RecuperoPassword/src/main/java/org/jahia/RecuperoPasswordAction.java:[32,47] error: package com.alpenite.tea.communicationLayer.data does not exist
[ERROR] /home/marziobiancardi/Documents/tea/trunk/src/Alpenite_RecuperoPassword/src/main/java/org/jahia/RecuperoPasswordAction.java:[33,47] error: package com.alpenite.tea.communicationLayer.data does not exist
[ERROR] /home/marziobiancardi/Documents/tea/trunk/src/Alpenite_RecuperoPassword/src/main/java/org/jahia/ConfermaRecuperoPasswordAction.java:[19,42] error: package com.alpenite.tea.communicationLayer does not exist
[ERROR] /home/marziobiancardi/Documents/tea/trunk/src/Alpenite_RecuperoPassword/src/main/java/org/jahia/ConfermaRecuperoPasswordAction.java:[20,47] error: package com.alpenite.tea.communicationLayer.data does not exist
[ERROR] /home/marziobiancardi/Documents/tea/trunk/src/Alpenite_RecuperoPassword/src/main/java/org/jahia/ConfermaRecuperoPasswordAction.java:[21,47] error: package com.alpenite.tea.communicationLayer.data does not exist
[ERROR] /home/marziobiancardi/Documents/tea/trunk/src/Alpenite_RecuperoPassword/src/main/java/org/jahia/RecuperoPasswordAction.java:[31,42] error: package com.alpenite.tea.communicationLayer does not exist
[ERROR] /home/marziobiancardi/Documents/tea/trunk/src/Alpenite_RecuperoPassword/src/main/java/org/jahia/RecuperoPasswordAction.java:[32,47] error: package com.alpenite.tea.communicationLayer.data does not exist
[ERROR] /home/marziobiancardi/Documents/tea/trunk/src/Alpenite_RecuperoPassword/src/main/java/org/jahia/RecuperoPasswordAction.java:[33,47] error: package com.alpenite.tea.communicationLayer.data does not exist
[ERROR] /home/marziobiancardi/Documents/tea/trunk/src/Alpenite_RecuperoPassword/src/main/java/org/jahia/ConfermaRecuperoPasswordAction.java:[19,42] error: package com.alpenite.tea.communicationLayer does not exist
[ERROR] /home/marziobiancardi/Documents/tea/trunk/src/Alpenite_RecuperoPassword/src/main/java/org/jahia/ConfermaRecuperoPasswordAction.java:[20,47] error: package com.alpenite.tea.communicationLayer.data does not exist
[ERROR] /home/marziobiancardi/Documents/tea/trunk/src/Alpenite_RecuperoPassword/src/main/java/org/jahia/ConfermaRecuperoPasswordAction.java:[21,47] error: package com.alpenite.tea.communicationLayer.data does not exist
[ERROR] /home/marziobiancardi/Documents/tea/trunk/src/Alpenite_RecuperoPassword/src/main/java/org/jahia/RecuperoPasswordAction.java:[54,34] error: cannot find symbol
[ERROR]  class RecuperoPasswordAction
/home/marziobiancardi/Documents/tea/trunk/src/Alpenite_RecuperoPassword/src/main/java/org/jahia/RecuperoPasswordAction.java:[54,51] error: cannot find symbol
[ERROR] /home/marziobiancardi/Documents/tea/trunk/src/Alpenite_RecuperoPassword/src/main/java/org/jahia/RecuperoPasswordAction.java:[54,5] error: cannot find symbol
[ERROR] /home/marziobiancardi/Documents/tea/trunk/src/Alpenite_RecuperoPassword/src/main/java/org/jahia/RecuperoPasswordAction.java:[65,34] error: cannot find symbol
[ERROR]  class RecuperoPasswordAction
/home/marziobiancardi/Documents/tea/trunk/src/Alpenite_RecuperoPassword/src/main/java/org/jahia/RecuperoPasswordAction.java:[65,51] error: cannot find symbol
[ERROR]  class RecuperoPasswordAction
/home/marziobiancardi/Documents/tea/trunk/src/Alpenite_RecuperoPassword/src/main/java/org/jahia/RecuperoPasswordAction.java:[65,5] error: cannot find symbol
[ERROR] /home/marziobiancardi/Documents/tea/trunk/src/Alpenite_RecuperoPassword/src/main/java/org/jahia/RecuperoPasswordAction.java:[70,34] error: cannot find symbol
[ERROR]  class RecuperoPasswordAction
/home/marziobiancardi/Documents/tea/trunk/src/Alpenite_RecuperoPassword/src/main/java/org/jahia/RecuperoPasswordAction.java:[70,51] error: cannot find symbol
[ERROR]  class RecuperoPasswordAction
/home/marziobiancardi/Documents/tea/trunk/src/Alpenite_RecuperoPassword/src/main/java/org/jahia/RecuperoPasswordAction.java:[70,5] error: cannot find symbol
[ERROR]  class RecuperoPasswordAction
/home/marziobiancardi/Documents/tea/trunk/src/Alpenite_RecuperoPassword/src/main/java/org/jahia/RecuperoPasswordAction.java:[75,34] error: cannot find symbol
[ERROR]  class RecuperoPasswordAction
/home/marziobiancardi/Documents/tea/trunk/src/Alpenite_RecuperoPassword/src/main/java/org/jahia/RecuperoPasswordAction.java:[75,51] error: cannot find symbol
[ERROR]  class RecuperoPasswordAction
/home/marziobiancardi/Documents/tea/trunk/src/Alpenite_RecuperoPassword/src/main/java/org/jahia/RecuperoPasswordAction.java:[75,5] error: cannot find symbol
[ERROR]  class RecuperoPasswordAction
/home/marziobiancardi/Documents/tea/trunk/src/Alpenite_RecuperoPassword/src/main/java/org/jahia/RecuperoPasswordAction.java:[79,34] error: cannot find symbol
[ERROR]  class RecuperoPasswordAction
/home/marziobiancardi/Documents/tea/trunk/src/Alpenite_RecuperoPassword/src/main/java/org/jahia/RecuperoPasswordAction.java:[79,51] error: cannot find symbol
[ERROR]  class RecuperoPasswordAction
/home/marziobiancardi/Documents/tea/trunk/src/Alpenite_RecuperoPassword/src/main/java/org/jahia/RecuperoPasswordAction.java:[79,5] error: cannot find symbol
[ERROR] /home/marziobiancardi/Documents/tea/trunk/src/Alpenite_RecuperoPassword/src/main/java/org/jahia/RecuperoPasswordAction.java:[103,34] error: cannot find symbol
[ERROR]  class RecuperoPasswordAction
/home/marziobiancardi/Documents/tea/trunk/src/Alpenite_RecuperoPassword/src/main/java/org/jahia/RecuperoPasswordAction.java:[103,51] error: cannot find symbol
[ERROR]  class RecuperoPasswordAction
/home/marziobiancardi/Documents/tea/trunk/src/Alpenite_RecuperoPassword/src/main/java/org/jahia/RecuperoPasswordAction.java:[103,5] error: cannot find symbol
[ERROR] /home/marziobiancardi/Documents/tea/trunk/src/Alpenite_RecuperoPassword/src/main/java/org/jahia/ConfermaRecuperoPasswordAction.java:[39,88] error: package com.alpenite.tea.communicationLayer.data does not exist
[ERROR] /home/marziobiancardi/Documents/tea/trunk/src/Alpenite_RecuperoPassword/src/main/java/org/jahia/ConfermaRecuperoPasswordAction.java:[49,88] error: package com.alpenite.tea.communicationLayer.data does not exist
[ERROR] /home/marziobiancardi/Documents/tea/trunk/src/Alpenite_RecuperoPassword/src/main/java/org/jahia/ConfermaRecuperoPasswordAction.java:[55,88] error: package com.alpenite.tea.communicationLayer.data does not exist
[ERROR] /home/marziobiancardi/Documents/tea/trunk/src/Alpenite_RecuperoPassword/src/main/java/org/jahia/ConfermaRecuperoPasswordAction.java:[63,34] error: cannot find symbol
[ERROR]  class ConfermaRecuperoPasswordAction
/home/marziobiancardi/Documents/tea/trunk/src/Alpenite_RecuperoPassword/src/main/java/org/jahia/ConfermaRecuperoPasswordAction.java:[63,51] error: cannot find symbol
[ERROR]  class ConfermaRecuperoPasswordAction
/home/marziobiancardi/Documents/tea/trunk/src/Alpenite_RecuperoPassword/src/main/java/org/jahia/ConfermaRecuperoPasswordAction.java:[63,5] error: cannot find symbol
[INFO] 36 errors 
[INFO] -------------------------------------------------------------
[INFO] ------------------------------------------------------------------------
[INFO] Reactor Summary:
[INFO] 
[INFO] AlpeniteCommon .................................... SUCCESS [16.358s]
[INFO] AlpeniteTeaCommunicationLayer ..................... SUCCESS [4.941s]
[INFO] deleteUserMNV ..................................... SUCCESS [2.198s]
[INFO] recuperopassword .................................. FAILURE [2.362s]
[INFO] recuperousername .................................. SKIPPED
[INFO] sbloccoutente ..................................... SKIPPED
[INFO] AlpeniteTeaAdvertising ............................ SKIPPED
[INFO] AlpeniteTeaAggiuntaContoContrattuale .............. SKIPPED
[INFO] AlpeniteTeaAssociate .............................. SKIPPED
[INFO] AlpeniteTeaAutoletture ............................ SKIPPED
[INFO] AlpeniteTeaDatiAnagrafici ......................... SKIPPED
[INFO] AlpeniteTeaDatiAnagraficiAzienda .................. SKIPPED
[INFO] AlpeniteTeaDatiCatastali .......................... SKIPPED
[INFO] AlpeniteTeaDatiUtentePortale ...................... SKIPPED
[INFO] AlpeniteTeaDettagliContratto ...................... SKIPPED
[INFO] AlpeniteTeaDocumentale ............................ SKIPPED
[INFO] AlpeniteTeaDomiciliazioneBancaria ................. SKIPPED
[INFO] AlpeniteTeaElencoContratti ........................ SKIPPED
[INFO] AlpeniteTeaElencoDocumenti ........................ SKIPPED
[INFO] AlpeniteTeaElencoPratiche ......................... SKIPPED
[INFO] AlpeniteTeaFAQ .................................... SKIPPED
[INFO] AlpeniteTeaImpersonaBP ............................ SKIPPED
[INFO] AlpeniteTeaImpersonaUtente ........................ SKIPPED
[INFO] AlpeniteTeaIndirizzoFornitura ..................... SKIPPED
[INFO] AlpeniteTeaInvioFattura ........................... SKIPPED
[INFO] AlpeniteTeaLettureSvuotamenti ..................... SKIPPED
[INFO] AlpeniteTeaModificaDatiPersonali .................. SKIPPED
[INFO] AlpeniteTeaModulistica ............................ SKIPPED
[INFO] AlpeniteTeaModulisticaPersonal .................... SKIPPED
[INFO] AlpeniteTeaPager .................................. SKIPPED
[INFO] AlpeniteTeaRecapito ............................... SKIPPED
[INFO] AlpeniteTeaRicercaStrumenti ....................... SKIPPED
[INFO] AlpeniteTeaRichiestaBackOffice .................... SKIPPED
[INFO] AlpeniteTeaTitoloPagina ........................... SKIPPED
[INFO] alpeniteregistration .............................. SKIPPED
[INFO] teaLogin .......................................... SKIPPED
[INFO] welcomeModule ..................................... SKIPPED
[INFO] Modules Installing ................................ SKIPPED
[INFO] ------------------------------------------------------------------------
[INFO] BUILD FAILURE
[INFO] ------------------------------------------------------------------------
[INFO] Total time: 27.510s
[INFO] Finished at: Wed Aug 10 14:05:13 PDT 2016
[INFO] Final Memory: 120M/287M
[INFO] ------------------------------------------------------------------------
[ERROR] Failed to execute goal org.apache.maven.plugins:maven-compiler-plugin:2.3.2:compile (default-compile) on project Alpenite_RecuperoPassword: Compilation failure: Compilation failure:
[ERROR] true
[ERROR] /home/marziobiancardi/Documents/tea/trunk/src/Alpenite_RecuperoPassword/src/main/java/org/jahia/RecuperoPasswordAction.java:[31,42] error: package com.alpenite.tea.communicationLayer does not exist
[ERROR] /home/marziobiancardi/Documents/tea/trunk/src/Alpenite_RecuperoPassword/src/main/java/org/jahia/RecuperoPasswordAction.java:[32,47] error: package com.alpenite.tea.communicationLayer.data does not exist
[ERROR] /home/marziobiancardi/Documents/tea/trunk/src/Alpenite_RecuperoPassword/src/main/java/org/jahia/RecuperoPasswordAction.java:[33,47] error: package com.alpenite.tea.communicationLayer.data does not exist
[ERROR] /home/marziobiancardi/Documents/tea/trunk/src/Alpenite_RecuperoPassword/src/main/java/org/jahia/ConfermaRecuperoPasswordAction.java:[19,42] error: package com.alpenite.tea.communicationLayer does not exist
[ERROR] /home/marziobiancardi/Documents/tea/trunk/src/Alpenite_RecuperoPassword/src/main/java/org/jahia/ConfermaRecuperoPasswordAction.java:[20,47] error: package com.alpenite.tea.communicationLayer.data does not exist
[ERROR] /home/marziobiancardi/Documents/tea/trunk/src/Alpenite_RecuperoPassword/src/main/java/org/jahia/ConfermaRecuperoPasswordAction.java:[21,47] error: package com.alpenite.tea.communicationLayer.data does not exist
[ERROR] /home/marziobiancardi/Documents/tea/trunk/src/Alpenite_RecuperoPassword/src/main/java/org/jahia/RecuperoPasswordAction.java:[31,42] error: package com.alpenite.tea.communicationLayer does not exist
[ERROR] /home/marziobiancardi/Documents/tea/trunk/src/Alpenite_RecuperoPassword/src/main/java/org/jahia/RecuperoPasswordAction.java:[32,47] error: package com.alpenite.tea.communicationLayer.data does not exist
[ERROR] /home/marziobiancardi/Documents/tea/trunk/src/Alpenite_RecuperoPassword/src/main/java/org/jahia/RecuperoPasswordAction.java:[33,47] error: package com.alpenite.tea.communicationLayer.data does not exist
[ERROR] /home/marziobiancardi/Documents/tea/trunk/src/Alpenite_RecuperoPassword/src/main/java/org/jahia/ConfermaRecuperoPasswordAction.java:[19,42] error: package com.alpenite.tea.communicationLayer does not exist
[ERROR] /home/marziobiancardi/Documents/tea/trunk/src/Alpenite_RecuperoPassword/src/main/java/org/jahia/ConfermaRecuperoPasswordAction.java:[20,47] error: package com.alpenite.tea.communicationLayer.data does not exist
[ERROR] /home/marziobiancardi/Documents/tea/trunk/src/Alpenite_RecuperoPassword/src/main/java/org/jahia/ConfermaRecuperoPasswordAction.java:[21,47] error: package com.alpenite.tea.communicationLayer.data does not exist
[ERROR] /home/marziobiancardi/Documents/tea/trunk/src/Alpenite_RecuperoPassword/src/main/java/org/jahia/RecuperoPasswordAction.java:[54,34] error: cannot find symbol
[ERROR] class RecuperoPasswordAction
[ERROR] /home/marziobiancardi/Documents/tea/trunk/src/Alpenite_RecuperoPassword/src/main/java/org/jahia/RecuperoPasswordAction.java:[54,51] error: cannot find symbol
[ERROR] /home/marziobiancardi/Documents/tea/trunk/src/Alpenite_RecuperoPassword/src/main/java/org/jahia/RecuperoPasswordAction.java:[54,5] error: cannot find symbol
[ERROR] /home/marziobiancardi/Documents/tea/trunk/src/Alpenite_RecuperoPassword/src/main/java/org/jahia/RecuperoPasswordAction.java:[65,34] error: cannot find symbol
[ERROR] class RecuperoPasswordAction
[ERROR] /home/marziobiancardi/Documents/tea/trunk/src/Alpenite_RecuperoPassword/src/main/java/org/jahia/RecuperoPasswordAction.java:[65,51] error: cannot find symbol
[ERROR] class RecuperoPasswordAction
[ERROR] /home/marziobiancardi/Documents/tea/trunk/src/Alpenite_RecuperoPassword/src/main/java/org/jahia/RecuperoPasswordAction.java:[65,5] error: cannot find symbol
[ERROR] /home/marziobiancardi/Documents/tea/trunk/src/Alpenite_RecuperoPassword/src/main/java/org/jahia/RecuperoPasswordAction.java:[70,34] error: cannot find symbol
[ERROR] class RecuperoPasswordAction
[ERROR] /home/marziobiancardi/Documents/tea/trunk/src/Alpenite_RecuperoPassword/src/main/java/org/jahia/RecuperoPasswordAction.java:[70,51] error: cannot find symbol
[ERROR] class RecuperoPasswordAction
[ERROR] /home/marziobiancardi/Documents/tea/trunk/src/Alpenite_RecuperoPassword/src/main/java/org/jahia/RecuperoPasswordAction.java:[70,5] error: cannot find symbol
[ERROR] class RecuperoPasswordAction
[ERROR] /home/marziobiancardi/Documents/tea/trunk/src/Alpenite_RecuperoPassword/src/main/java/org/jahia/RecuperoPasswordAction.java:[75,34] error: cannot find symbol
[ERROR] class RecuperoPasswordAction
[ERROR] /home/marziobiancardi/Documents/tea/trunk/src/Alpenite_RecuperoPassword/src/main/java/org/jahia/RecuperoPasswordAction.java:[75,51] error: cannot find symbol
[ERROR] class RecuperoPasswordAction
[ERROR] /home/marziobiancardi/Documents/tea/trunk/src/Alpenite_RecuperoPassword/src/main/java/org/jahia/RecuperoPasswordAction.java:[75,5] error: cannot find symbol
[ERROR] class RecuperoPasswordAction
[ERROR] /home/marziobiancardi/Documents/tea/trunk/src/Alpenite_RecuperoPassword/src/main/java/org/jahia/RecuperoPasswordAction.java:[79,34] error: cannot find symbol
[ERROR] class RecuperoPasswordAction
[ERROR] /home/marziobiancardi/Documents/tea/trunk/src/Alpenite_RecuperoPassword/src/main/java/org/jahia/RecuperoPasswordAction.java:[79,51] error: cannot find symbol
[ERROR] class RecuperoPasswordAction
[ERROR] /home/marziobiancardi/Documents/tea/trunk/src/Alpenite_RecuperoPassword/src/main/java/org/jahia/RecuperoPasswordAction.java:[79,5] error: cannot find symbol
[ERROR] /home/marziobiancardi/Documents/tea/trunk/src/Alpenite_RecuperoPassword/src/main/java/org/jahia/RecuperoPasswordAction.java:[103,34] error: cannot find symbol
[ERROR] class RecuperoPasswordAction
[ERROR] /home/marziobiancardi/Documents/tea/trunk/src/Alpenite_RecuperoPassword/src/main/java/org/jahia/RecuperoPasswordAction.java:[103,51] error: cannot find symbol
[ERROR] class RecuperoPasswordAction
[ERROR] /home/marziobiancardi/Documents/tea/trunk/src/Alpenite_RecuperoPassword/src/main/java/org/jahia/RecuperoPasswordAction.java:[103,5] error: cannot find symbol
[ERROR] /home/marziobiancardi/Documents/tea/trunk/src/Alpenite_RecuperoPassword/src/main/java/org/jahia/ConfermaRecuperoPasswordAction.java:[39,88] error: package com.alpenite.tea.communicationLayer.data does not exist
[ERROR] /home/marziobiancardi/Documents/tea/trunk/src/Alpenite_RecuperoPassword/src/main/java/org/jahia/ConfermaRecuperoPasswordAction.java:[49,88] error: package com.alpenite.tea.communicationLayer.data does not exist
[ERROR] /home/marziobiancardi/Documents/tea/trunk/src/Alpenite_RecuperoPassword/src/main/java/org/jahia/ConfermaRecuperoPasswordAction.java:[55,88] error: package com.alpenite.tea.communicationLayer.data does not exist
[ERROR] /home/marziobiancardi/Documents/tea/trunk/src/Alpenite_RecuperoPassword/src/main/java/org/jahia/ConfermaRecuperoPasswordAction.java:[63,34] error: cannot find symbol
[ERROR] class ConfermaRecuperoPasswordAction
[ERROR] /home/marziobiancardi/Documents/tea/trunk/src/Alpenite_RecuperoPassword/src/main/java/org/jahia/ConfermaRecuperoPasswordAction.java:[63,51] error: cannot find symbol
[ERROR] class ConfermaRecuperoPasswordAction
[ERROR] /home/marziobiancardi/Documents/tea/trunk/src/Alpenite_RecuperoPassword/src/main/java/org/jahia/ConfermaRecuperoPasswordAction.java:[63,5] error: cannot find symbol
[ERROR] -> [Help 1]
[ERROR] 
[ERROR] To see the full stack trace of the errors, re-run Maven with the -e switch.
[ERROR] Re-run Maven using the -X switch to enable full debug logging.
[ERROR] 
[ERROR] For more information about the errors and possible solutions, please read the following articles:
[ERROR] [Help 1] http://cwiki.apache.org/confluence/display/MAVEN/MojoFailureException
[ERROR] 
[ERROR] After correcting the problems, you can resume the build with the command
[ERROR]   mvn <goals> -rf :Alpenite_RecuperoPassword
